c:\users\sergei\source\repos\backendmonitoring\clogger\build\debugwin64\temp\stdafx.pch
c:\users\sergei\source\repos\backendmonitoring\clogger\build\debugwin64\temp\vc142.pdb
c:\users\sergei\source\repos\backendmonitoring\clogger\build\debugwin64\temp\vc142.idb
c:\users\sergei\source\repos\backendmonitoring\clogger\build\debugwin64\temp\clogbuilder.obj
c:\users\sergei\source\repos\backendmonitoring\clogger\build\debugwin64\temp\clogger.obj
c:\users\sergei\source\repos\backendmonitoring\clogger\build\debugwin64\temp\dllmain.obj
c:\users\sergei\source\repos\backendmonitoring\clogger\build\debugwin64\temp\elogconfig.obj
c:\users\sergei\source\repos\backendmonitoring\clogger\build\debugwin64\temp\eloglevel.obj
c:\users\sergei\source\repos\backendmonitoring\clogger\build\debugwin64\out\clogger.lib
c:\users\sergei\source\repos\backendmonitoring\clogger\build\debugwin64\out\clogger.exp
c:\users\sergei\source\repos\backendmonitoring\clogger\build\debugwin64\out\clogger.ilk
c:\users\sergei\source\repos\backendmonitoring\clogger\build\debugwin64\out\clogger.dll
c:\users\sergei\source\repos\backendmonitoring\clogger\build\debugwin64\out\clogger.pdb
c:\users\sergei\source\repos\backendmonitoring\clogger\build\debugwin64\temp\clogger.tlog\cl.command.1.tlog
c:\users\sergei\source\repos\backendmonitoring\clogger\build\debugwin64\temp\clogger.tlog\cl.read.1.tlog
c:\users\sergei\source\repos\backendmonitoring\clogger\build\debugwin64\temp\clogger.tlog\cl.write.1.tlog
c:\users\sergei\source\repos\backendmonitoring\clogger\build\debugwin64\temp\clogger.tlog\clogger.write.1u.tlog
c:\users\sergei\source\repos\backendmonitoring\clogger\build\debugwin64\temp\clogger.tlog\link.command.1.tlog
c:\users\sergei\source\repos\backendmonitoring\clogger\build\debugwin64\temp\clogger.tlog\link.read.1.tlog
c:\users\sergei\source\repos\backendmonitoring\clogger\build\debugwin64\temp\clogger.tlog\link.write.1.tlog
