d:\git\backendmonitoring\server\backendmonitoringserver\build\debugwin64\temp\vc142.pdb
d:\git\backendmonitoring\server\backendmonitoringserver\build\debugwin64\temp\vc142.idb
d:\git\backendmonitoring\server\backendmonitoringserver\build\debugwin64\temp\backendmonitoringserver.obj
d:\git\backendmonitoring\server\backendmonitoringserver\build\debugwin64\temp\jsonformatter.obj
d:\git\backendmonitoring\server\backendmonitoringserver\build\debugwin64\temp\backendmonitoringserver.pch
d:\git\backendmonitoring\server\backendmonitoringserver\build\debugwin64\temp\jsonformatsaver.obj
d:\git\backendmonitoring\server\backendmonitoringserver\build\debugwin64\temp\utilities.obj
d:\git\backendmonitoring\server\backendmonitoringserver\build\debugwin64\out\backendmonitoringserver.exe
d:\git\backendmonitoring\server\backendmonitoringserver\build\debugwin64\out\backendmonitoringserver.ilk
d:\git\backendmonitoring\server\backendmonitoringserver\build\debugwin64\out\backendmonitoringserver.pdb
d:\git\backendmonitoring\server\backendmonitoringserver\build\debugwin64\temp\containeroflogicaldisk.obj
d:\git\backendmonitoring\server\backendmonitoringserver\build\debugwin64\temp\hardwarestatusspecification.obj
d:\git\backendmonitoring\server\backendmonitoringserver\build\debugwin64\temp\logicaldiskstatus.obj
d:\git\backendmonitoring\server\backendmonitoringserver\build\debugwin64\temp\logicaldiskstatuslifecycle.obj
d:\git\backendmonitoring\server\backendmonitoringserver\build\debugwin64\temp\logicaldiskstatusspecification.obj
d:\git\backendmonitoring\server\backendmonitoringserver\build\debugwin64\temp\pugixml.obj
d:\git\backendmonitoring\server\backendmonitoringserver\build\debugwin64\temp\utilities.obj.enc
d:\git\backendmonitoring\server\backendmonitoringserver\build\debugwin64\temp\backendm.9fe1f712.tlog\cl.command.1.tlog
d:\git\backendmonitoring\server\backendmonitoringserver\build\debugwin64\temp\backendm.9fe1f712.tlog\cl.read.1.tlog
d:\git\backendmonitoring\server\backendmonitoringserver\build\debugwin64\temp\backendm.9fe1f712.tlog\cl.write.1.tlog
d:\git\backendmonitoring\server\backendmonitoringserver\build\debugwin64\temp\backendm.9fe1f712.tlog\link.command.1.tlog
d:\git\backendmonitoring\server\backendmonitoringserver\build\debugwin64\temp\backendm.9fe1f712.tlog\link.read.1.tlog
d:\git\backendmonitoring\server\backendmonitoringserver\build\debugwin64\temp\backendm.9fe1f712.tlog\link.write.1.tlog
