  CLogBuilder.cpp
E:\Git\BackEndMonitoring\CLogger\include\CLogger\CLogger.h(47,24): warning C4251: CLogger::m_log_name: class "std::basic_string<char,std::char_traits<char>,std::allocator<char>>" должен иметь dll-интерфейс для использования клиентами class "CLogger"
C:\Program Files (x86)\Microsoft Visual Studio\2019\Community\VC\Tools\MSVC\14.28.29333\include\xstring(4648): message : см. объявление "std::basic_string<char,std::char_traits<char>,std::allocator<char>>"
E:\Git\BackEndMonitoring\CLogger\include\CLogger\CLogger.h(48,41): warning C4251: CLogger::m_log_config_list: class "std::list<ELogConfig,std::allocator<ELogConfig>>" должен иметь dll-интерфейс для использования клиентами class "CLogger"
E:\Git\BackEndMonitoring\CLogger\include\CLogger\CLogger.h(48): message : см. объявление "std::list<ELogConfig,std::allocator<ELogConfig>>"
E:\Git\BackEndMonitoring\CLogger\include\CLogger\CLogger.h(50,52): warning C4251: CLogger::m_write_stream_list: class "std::list<std::pair<std::reference_wrapper<std::ostream>,std::unique_ptr<std::mutex,std::default_delete<std::mutex>>>,std::allocator<std::pair<std::reference_wrapper<std::ostream>,std::unique_ptr<std::mutex,std::default_delete<std::mutex>>>>>" должен иметь dll-интерфейс для использования клиентами class "CLogger"
E:\Git\BackEndMonitoring\CLogger\include\CLogger\CLogger.h(49): message : см. объявление "std::list<std::pair<std::reference_wrapper<std::ostream>,std::unique_ptr<std::mutex,std::default_delete<std::mutex>>>,std::allocator<std::pair<std::reference_wrapper<std::ostream>,std::unique_ptr<std::mutex,std::default_delete<std::mutex>>>>>"
E:\Git\BackEndMonitoring\CLogger\include\CLogBuilder\CLogBuilder.h(41,24): warning C4251: CLogBuilder::m_log_name: class "std::basic_string<char,std::char_traits<char>,std::allocator<char>>" должен иметь dll-интерфейс для использования клиентами class "CLogBuilder"
C:\Program Files (x86)\Microsoft Visual Studio\2019\Community\VC\Tools\MSVC\14.28.29333\include\xstring(4648): message : см. объявление "std::basic_string<char,std::char_traits<char>,std::allocator<char>>"
E:\Git\BackEndMonitoring\CLogger\include\CLogBuilder\CLogBuilder.h(42,41): warning C4251: CLogBuilder::m_log_config_list: class "std::list<ELogConfig,std::allocator<ELogConfig>>" должен иметь dll-интерфейс для использования клиентами class "CLogBuilder"
E:\Git\BackEndMonitoring\CLogger\include\CLogger\CLogger.h(48): message : см. объявление "std::list<ELogConfig,std::allocator<ELogConfig>>"
E:\Git\BackEndMonitoring\CLogger\include\CLogBuilder\CLogBuilder.h(43,74): warning C4251: CLogBuilder::m_write_stream_safe_list: class "std::list<std::reference_wrapper<std::ostream>,std::allocator<std::reference_wrapper<std::ostream>>>" должен иметь dll-интерфейс для использования клиентами class "CLogBuilder"
E:\Git\BackEndMonitoring\CLogger\include\CLogBuilder\CLogBuilder.h(43): message : см. объявление "std::list<std::reference_wrapper<std::ostream>,std::allocator<std::reference_wrapper<std::ostream>>>"
E:\Git\BackEndMonitoring\CLogger\include\CLogBuilder\CLogBuilder.h(44,76): warning C4251: CLogBuilder::m_write_stream_unsafe_list: class "std::list<std::reference_wrapper<std::ostream>,std::allocator<std::reference_wrapper<std::ostream>>>" должен иметь dll-интерфейс для использования клиентами class "CLogBuilder"
E:\Git\BackEndMonitoring\CLogger\include\CLogBuilder\CLogBuilder.h(43): message : см. объявление "std::list<std::reference_wrapper<std::ostream>,std::allocator<std::reference_wrapper<std::ostream>>>"
  CLogger.cpp
E:\Git\BackEndMonitoring\CLogger\include\CLogger\CLogger.h(47,24): warning C4251: CLogger::m_log_name: class "std::basic_string<char,std::char_traits<char>,std::allocator<char>>" должен иметь dll-интерфейс для использования клиентами class "CLogger"
C:\Program Files (x86)\Microsoft Visual Studio\2019\Community\VC\Tools\MSVC\14.28.29333\include\xstring(4648): message : см. объявление "std::basic_string<char,std::char_traits<char>,std::allocator<char>>"
E:\Git\BackEndMonitoring\CLogger\include\CLogger\CLogger.h(48,41): warning C4251: CLogger::m_log_config_list: class "std::list<ELogConfig,std::allocator<ELogConfig>>" должен иметь dll-интерфейс для использования клиентами class "CLogger"
E:\Git\BackEndMonitoring\CLogger\include\CLogger\CLogger.h(48): message : см. объявление "std::list<ELogConfig,std::allocator<ELogConfig>>"
E:\Git\BackEndMonitoring\CLogger\include\CLogger\CLogger.h(50,52): warning C4251: CLogger::m_write_stream_list: class "std::list<std::pair<std::reference_wrapper<std::ostream>,std::unique_ptr<std::mutex,std::default_delete<std::mutex>>>,std::allocator<std::pair<std::reference_wrapper<std::ostream>,std::unique_ptr<std::mutex,std::default_delete<std::mutex>>>>>" должен иметь dll-интерфейс для использования клиентами class "CLogger"
E:\Git\BackEndMonitoring\CLogger\include\CLogger\CLogger.h(49): message : см. объявление "std::list<std::pair<std::reference_wrapper<std::ostream>,std::unique_ptr<std::mutex,std::default_delete<std::mutex>>>,std::allocator<std::pair<std::reference_wrapper<std::ostream>,std::unique_ptr<std::mutex,std::default_delete<std::mutex>>>>>"
  DllMain.cpp
C:\Program Files (x86)\Windows Kits\10\Include\10.0.19041.0\um\winbase.h(9461,5): warning C5105: Поведение расширения макроса, создающего "defined", не определено
  ELogConfig.cpp
  ELogLevel.cpp
     Создается библиотека .\Build\DebugWin64\out\CLogger.lib и объект .\Build\DebugWin64\out\CLogger.exp
  CLogger.vcxproj -> E:\Git\BackEndMonitoring\CLogger\Build\DebugWin64\out\CLogger.dll
