  stdafx.cpp
  BackEndMonitoringServer.cpp
C:\Users\Sergei\source\repos\BackEndMonitoring\CLogger\include\CLogger\CLogger.h(47,24): warning C4251: 'CLogger::m_log_name': class 'std::basic_string<char,std::char_traits<char>,std::allocator<char>>' needs to have dll-interface to be used by clients of class 'CLogger'
C:\Program Files (x86)\Microsoft Visual Studio\2019\Community\VC\Tools\MSVC\14.28.29333\include\xstring(4648): message : see declaration of 'std::basic_string<char,std::char_traits<char>,std::allocator<char>>'
C:\Users\Sergei\source\repos\BackEndMonitoring\CLogger\include\CLogger\CLogger.h(48,41): warning C4251: 'CLogger::m_log_config_list': class 'std::list<ELogConfig,std::allocator<ELogConfig>>' needs to have dll-interface to be used by clients of class 'CLogger'
C:\Users\Sergei\source\repos\BackEndMonitoring\CLogger\include\CLogger\CLogger.h(48): message : see declaration of 'std::list<ELogConfig,std::allocator<ELogConfig>>'
C:\Users\Sergei\source\repos\BackEndMonitoring\CLogger\include\CLogger\CLogger.h(50,52): warning C4251: 'CLogger::m_write_stream_list': class 'std::list<std::pair<std::reference_wrapper<std::ostream>,std::unique_ptr<std::mutex,std::default_delete<std::mutex>>>,std::allocator<std::pair<std::reference_wrapper<std::ostream>,std::unique_ptr<std::mutex,std::default_delete<std::mutex>>>>>' needs to have dll-interface to be used by clients of class 'CLogger'
C:\Users\Sergei\source\repos\BackEndMonitoring\CLogger\include\CLogger\CLogger.h(49): message : see declaration of 'std::list<std::pair<std::reference_wrapper<std::ostream>,std::unique_ptr<std::mutex,std::default_delete<std::mutex>>>,std::allocator<std::pair<std::reference_wrapper<std::ostream>,std::unique_ptr<std::mutex,std::default_delete<std::mutex>>>>>'
C:\Users\Sergei\source\repos\BackEndMonitoring\CLogger\include\CLogBuilder\CLogBuilder.h(41,24): warning C4251: 'CLogBuilder::m_log_name': class 'std::basic_string<char,std::char_traits<char>,std::allocator<char>>' needs to have dll-interface to be used by clients of class 'CLogBuilder'
C:\Program Files (x86)\Microsoft Visual Studio\2019\Community\VC\Tools\MSVC\14.28.29333\include\xstring(4648): message : see declaration of 'std::basic_string<char,std::char_traits<char>,std::allocator<char>>'
C:\Users\Sergei\source\repos\BackEndMonitoring\CLogger\include\CLogBuilder\CLogBuilder.h(42,41): warning C4251: 'CLogBuilder::m_log_config_list': class 'std::list<ELogConfig,std::allocator<ELogConfig>>' needs to have dll-interface to be used by clients of class 'CLogBuilder'
C:\Users\Sergei\source\repos\BackEndMonitoring\CLogger\include\CLogger\CLogger.h(48): message : see declaration of 'std::list<ELogConfig,std::allocator<ELogConfig>>'
C:\Users\Sergei\source\repos\BackEndMonitoring\CLogger\include\CLogBuilder\CLogBuilder.h(43,74): warning C4251: 'CLogBuilder::m_write_stream_safe_list': class 'std::list<std::reference_wrapper<std::ostream>,std::allocator<std::reference_wrapper<std::ostream>>>' needs to have dll-interface to be used by clients of class 'CLogBuilder'
C:\Users\Sergei\source\repos\BackEndMonitoring\CLogger\include\CLogBuilder\CLogBuilder.h(43): message : see declaration of 'std::list<std::reference_wrapper<std::ostream>,std::allocator<std::reference_wrapper<std::ostream>>>'
C:\Users\Sergei\source\repos\BackEndMonitoring\CLogger\include\CLogBuilder\CLogBuilder.h(44,76): warning C4251: 'CLogBuilder::m_write_stream_unsafe_list': class 'std::list<std::reference_wrapper<std::ostream>,std::allocator<std::reference_wrapper<std::ostream>>>' needs to have dll-interface to be used by clients of class 'CLogBuilder'
C:\Users\Sergei\source\repos\BackEndMonitoring\CLogger\include\CLogBuilder\CLogBuilder.h(43): message : see declaration of 'std::list<std::reference_wrapper<std::ostream>,std::allocator<std::reference_wrapper<std::ostream>>>'
  CEvent.cpp
  CThreadPool.cpp
  Generating Code...
     Creating library .\Build\DebugWin64\out\BackEndMonitoringServer.lib and object .\Build\DebugWin64\out\BackEndMonitoringServer.exp
  BackEndMonitoringServer.vcxproj -> C:\Users\Sergei\source\repos\BackEndMonitoring\Server\BackEndMonitoringServer\Build\DebugWin64\out\BackEndMonitoringServer.exe
